<?xml version="1.0" encoding="UTF-8"?>
<testsuite name="com.iseehealth.ReportGeneratorTest" tests="2" skipped="0" failures="0" errors="0" timestamp="2023-08-17T10:20:30" hostname="Yiwens-MacBook-Pro.local" time="0.003">
  <properties/>
  <testcase name="testFormatReportForDiet()" classname="com.iseehealth.ReportGeneratorTest" time="0.003"/>
  <testcase name="testFormatReportForFitness()" classname="com.iseehealth.ReportGeneratorTest" time="0.0"/>
  <system-out><![CDATA[]]></system-out>
  <system-err><![CDATA[]]></system-err>
</testsuite>
