<?xml version="1.0" encoding="UTF-8"?>
<testsuite name="com.iseehealth.DietCheckTest" tests="1" skipped="0" failures="0" errors="0" timestamp="2023-08-17T10:20:30" hostname="Yiwens-MacBook-Pro.local" time="0.024">
  <properties/>
  <testcase name="testUpdateOrAppendToCSV()" classname="com.iseehealth.DietCheckTest" time="0.024"/>
  <system-out><![CDATA[]]></system-out>
  <system-err><![CDATA[]]></system-err>
</testsuite>
